DEB [20171217-19:17:01.017] thr=1   paramiko.transport: starting thread (client mode): 0x2cfe550
DEB [20171217-19:17:01.049] thr=1   paramiko.transport: Local version/idstring: SSH-2.0-paramiko_2.3.1
DEB [20171217-19:17:01.177] thr=1   paramiko.transport: Remote version/idstring: SSH-2.0-OpenSSH_5.3
INF [20171217-19:17:01.177] thr=1   paramiko.transport: Connected (version 2.0, client OpenSSH_5.3)
DEB [20171217-19:17:01.181] thr=1   paramiko.transport: kex algos:['diffie-hellman-group-exchange-sha256', 'diffie-hellman-group-exchange-sha1', 'diffie-hellman-group14-sha1', 'diffie-hellman-group1-sha1'] server key:['ssh-rsa', 'ssh-dss'] client encrypt:['aes128-ctr', 'aes192-ctr', 'aes256-ctr', 'arcfour256', 'arcfour128', 'aes128-cbc', '3des-cbc', 'blowfish-cbc', 'cast128-cbc', 'aes192-cbc', 'aes256-cbc', 'arcfour', 'rijndael-cbc@lysator.liu.se'] server encrypt:['aes128-ctr', 'aes192-ctr', 'aes256-ctr', 'arcfour256', 'arcfour128', 'aes128-cbc', '3des-cbc', 'blowfish-cbc', 'cast128-cbc', 'aes192-cbc', 'aes256-cbc', 'arcfour', 'rijndael-cbc@lysator.liu.se'] client mac:['hmac-md5', 'hmac-sha1', 'umac-64@openssh.com', 'hmac-sha2-256', 'hmac-sha2-512', 'hmac-ripemd160', 'hmac-ripemd160@openssh.com', 'hmac-sha1-96', 'hmac-md5-96'] server mac:['hmac-md5', 'hmac-sha1', 'umac-64@openssh.com', 'hmac-sha2-256', 'hmac-sha2-512', 'hmac-ripemd160', 'hmac-ripemd160@openssh.com', 'hmac-sha1-96', 'hmac-md5-96'] client compress:['none', 'zlib@openssh.com'] server compress:['none', 'zlib@openssh.com'] client lang:[''] server lang:[''] kex follows?False
DEB [20171217-19:17:01.181] thr=1   paramiko.transport: Kex agreed: diffie-hellman-group-exchange-sha256
DEB [20171217-19:17:01.181] thr=1   paramiko.transport: HostKey agreed: ssh-rsa
DEB [20171217-19:17:01.181] thr=1   paramiko.transport: Cipher agreed: aes128-ctr
DEB [20171217-19:17:01.181] thr=1   paramiko.transport: MAC agreed: hmac-sha2-256
DEB [20171217-19:17:01.182] thr=1   paramiko.transport: Compression agreed: none
DEB [20171217-19:17:01.494] thr=1   paramiko.transport: Got server p (2048 bits)
DEB [20171217-19:17:04.148] thr=1   paramiko.transport: kex engine KexGexSHA256 specified hash_algo <built-in function openssl_sha256>
DEB [20171217-19:17:04.149] thr=1   paramiko.transport: Switch to new keys ...
DEB [20171217-19:17:39.768] thr=1   paramiko.transport: userauth is OK
INF [20171217-19:17:39.918] thr=1   paramiko.transport: Authentication (password) successful!
DEB [20171217-19:17:39.927] thr=2   paramiko.transport: [chan 0] Max packet in: 32768 bytes
DEB [20171217-19:17:39.929] thr=1   paramiko.transport: [chan 0] Max packet out: 32768 bytes
DEB [20171217-19:17:39.929] thr=1   paramiko.transport: Secsh channel 0 opened.
DEB [20171217-19:17:39.931] thr=1   paramiko.transport: [chan 0] Sesch channel 0 request ok
DEB [20171217-19:17:39.934] thr=1   paramiko.transport: [chan 0] Sesch channel 0 request ok
DEB [20171217-19:19:37.688] thr=1   paramiko.transport: EOF in transport thread
DEB [20171217-19:19:44.914] thr=1   paramiko.transport: starting thread (client mode): 0x2cfe630
DEB [20171217-19:19:44.915] thr=1   paramiko.transport: Local version/idstring: SSH-2.0-paramiko_2.3.1
DEB [20171217-19:19:44.918] thr=1   paramiko.transport: Remote version/idstring: SSH-2.0-OpenSSH_5.3
INF [20171217-19:19:44.919] thr=1   paramiko.transport: Connected (version 2.0, client OpenSSH_5.3)
DEB [20171217-19:19:44.922] thr=1   paramiko.transport: kex algos:['diffie-hellman-group-exchange-sha256', 'diffie-hellman-group-exchange-sha1', 'diffie-hellman-group14-sha1', 'diffie-hellman-group1-sha1'] server key:['ssh-rsa', 'ssh-dss'] client encrypt:['aes128-ctr', 'aes192-ctr', 'aes256-ctr', 'arcfour256', 'arcfour128', 'aes128-cbc', '3des-cbc', 'blowfish-cbc', 'cast128-cbc', 'aes192-cbc', 'aes256-cbc', 'arcfour', 'rijndael-cbc@lysator.liu.se'] server encrypt:['aes128-ctr', 'aes192-ctr', 'aes256-ctr', 'arcfour256', 'arcfour128', 'aes128-cbc', '3des-cbc', 'blowfish-cbc', 'cast128-cbc', 'aes192-cbc', 'aes256-cbc', 'arcfour', 'rijndael-cbc@lysator.liu.se'] client mac:['hmac-md5', 'hmac-sha1', 'umac-64@openssh.com', 'hmac-sha2-256', 'hmac-sha2-512', 'hmac-ripemd160', 'hmac-ripemd160@openssh.com', 'hmac-sha1-96', 'hmac-md5-96'] server mac:['hmac-md5', 'hmac-sha1', 'umac-64@openssh.com', 'hmac-sha2-256', 'hmac-sha2-512', 'hmac-ripemd160', 'hmac-ripemd160@openssh.com', 'hmac-sha1-96', 'hmac-md5-96'] client compress:['none', 'zlib@openssh.com'] server compress:['none', 'zlib@openssh.com'] client lang:[''] server lang:[''] kex follows?False
DEB [20171217-19:19:44.922] thr=1   paramiko.transport: Kex agreed: diffie-hellman-group-exchange-sha256
DEB [20171217-19:19:44.922] thr=1   paramiko.transport: HostKey agreed: ssh-rsa
DEB [20171217-19:19:44.923] thr=1   paramiko.transport: Cipher agreed: aes128-ctr
DEB [20171217-19:19:44.923] thr=1   paramiko.transport: MAC agreed: hmac-sha2-256
DEB [20171217-19:19:44.923] thr=1   paramiko.transport: Compression agreed: none
DEB [20171217-19:19:44.925] thr=1   paramiko.transport: Got server p (2048 bits)
DEB [20171217-19:19:45.153] thr=1   paramiko.transport: kex engine KexGexSHA256 specified hash_algo <built-in function openssl_sha256>
DEB [20171217-19:19:45.154] thr=1   paramiko.transport: Switch to new keys ...
DEB [20171217-19:20:02.679] thr=1   paramiko.transport: userauth is OK
INF [20171217-19:20:02.705] thr=1   paramiko.transport: Authentication (password) successful!
DEB [20171217-19:20:02.707] thr=2   paramiko.transport: [chan 0] Max packet in: 32768 bytes
DEB [20171217-19:20:02.709] thr=1   paramiko.transport: [chan 0] Max packet out: 32768 bytes
DEB [20171217-19:20:02.709] thr=1   paramiko.transport: Secsh channel 0 opened.
DEB [20171217-19:20:02.711] thr=1   paramiko.transport: [chan 0] Sesch channel 0 request ok
DEB [20171217-19:20:02.713] thr=1   paramiko.transport: [chan 0] Sesch channel 0 request ok
DEB [20171217-19:22:48.475] thr=1   paramiko.transport: EOF in transport thread
DEB [20171217-19:22:56.927] thr=1   paramiko.transport: starting thread (client mode): 0x2cfe630
DEB [20171217-19:22:56.939] thr=1   paramiko.transport: Local version/idstring: SSH-2.0-paramiko_2.3.1
DEB [20171217-19:22:56.939] thr=1   paramiko.transport: Remote version/idstring: SSH-2.0-OpenSSH_5.3
INF [20171217-19:22:56.939] thr=1   paramiko.transport: Connected (version 2.0, client OpenSSH_5.3)
DEB [20171217-19:22:56.946] thr=1   paramiko.transport: kex algos:['diffie-hellman-group-exchange-sha256', 'diffie-hellman-group-exchange-sha1', 'diffie-hellman-group14-sha1', 'diffie-hellman-group1-sha1'] server key:['ssh-rsa', 'ssh-dss'] client encrypt:['aes128-ctr', 'aes192-ctr', 'aes256-ctr', 'arcfour256', 'arcfour128', 'aes128-cbc', '3des-cbc', 'blowfish-cbc', 'cast128-cbc', 'aes192-cbc', 'aes256-cbc', 'arcfour', 'rijndael-cbc@lysator.liu.se'] server encrypt:['aes128-ctr', 'aes192-ctr', 'aes256-ctr', 'arcfour256', 'arcfour128', 'aes128-cbc', '3des-cbc', 'blowfish-cbc', 'cast128-cbc', 'aes192-cbc', 'aes256-cbc', 'arcfour', 'rijndael-cbc@lysator.liu.se'] client mac:['hmac-md5', 'hmac-sha1', 'umac-64@openssh.com', 'hmac-sha2-256', 'hmac-sha2-512', 'hmac-ripemd160', 'hmac-ripemd160@openssh.com', 'hmac-sha1-96', 'hmac-md5-96'] server mac:['hmac-md5', 'hmac-sha1', 'umac-64@openssh.com', 'hmac-sha2-256', 'hmac-sha2-512', 'hmac-ripemd160', 'hmac-ripemd160@openssh.com', 'hmac-sha1-96', 'hmac-md5-96'] client compress:['none', 'zlib@openssh.com'] server compress:['none', 'zlib@openssh.com'] client lang:[''] server lang:[''] kex follows?False
DEB [20171217-19:22:56.946] thr=1   paramiko.transport: Kex agreed: diffie-hellman-group-exchange-sha256
DEB [20171217-19:22:56.946] thr=1   paramiko.transport: HostKey agreed: ssh-rsa
DEB [20171217-19:22:56.947] thr=1   paramiko.transport: Cipher agreed: aes128-ctr
DEB [20171217-19:22:56.947] thr=1   paramiko.transport: MAC agreed: hmac-sha2-256
DEB [20171217-19:22:56.947] thr=1   paramiko.transport: Compression agreed: none
DEB [20171217-19:22:56.988] thr=1   paramiko.transport: Got server p (2048 bits)
DEB [20171217-19:22:57.235] thr=1   paramiko.transport: kex engine KexGexSHA256 specified hash_algo <built-in function openssl_sha256>
DEB [20171217-19:22:57.236] thr=1   paramiko.transport: Switch to new keys ...
DEB [20171217-19:23:05.929] thr=1   paramiko.transport: userauth is OK
INF [20171217-19:23:05.975] thr=1   paramiko.transport: Authentication (password) successful!
DEB [20171217-19:23:05.976] thr=2   paramiko.transport: [chan 0] Max packet in: 32768 bytes
DEB [20171217-19:23:05.980] thr=1   paramiko.transport: [chan 0] Max packet out: 32768 bytes
DEB [20171217-19:23:05.980] thr=1   paramiko.transport: Secsh channel 0 opened.
DEB [20171217-19:23:05.982] thr=1   paramiko.transport: [chan 0] Sesch channel 0 request ok
DEB [20171217-19:23:05.985] thr=1   paramiko.transport: [chan 0] Sesch channel 0 request ok
